mode: set
github.com/RuvinSL/webpage-analyzer/pkg/logger/logger.go:15.62,18.61 1 1
github.com/RuvinSL/webpage-analyzer/pkg/logger/logger.go:18.61,19.29 1 1
github.com/RuvinSL/webpage-analyzer/pkg/logger/logger.go:19.29,24.5 1 1
github.com/RuvinSL/webpage-analyzer/pkg/logger/logger.go:25.4,25.12 1 1
github.com/RuvinSL/webpage-analyzer/pkg/logger/logger.go:29.2,37.31 3 1
github.com/RuvinSL/webpage-analyzer/pkg/logger/logger.go:41.86,43.50 1 0
github.com/RuvinSL/webpage-analyzer/pkg/logger/logger.go:43.50,46.3 1 0
github.com/RuvinSL/webpage-analyzer/pkg/logger/logger.go:49.2,51.16 3 0
github.com/RuvinSL/webpage-analyzer/pkg/logger/logger.go:51.16,54.3 1 0
github.com/RuvinSL/webpage-analyzer/pkg/logger/logger.go:57.2,61.61 2 0
github.com/RuvinSL/webpage-analyzer/pkg/logger/logger.go:61.61,62.29 1 0
github.com/RuvinSL/webpage-analyzer/pkg/logger/logger.go:62.29,67.5 1 0
github.com/RuvinSL/webpage-analyzer/pkg/logger/logger.go:68.4,68.12 1 0
github.com/RuvinSL/webpage-analyzer/pkg/logger/logger.go:72.2,80.31 3 0
github.com/RuvinSL/webpage-analyzer/pkg/logger/logger.go:83.83,84.59 1 1
github.com/RuvinSL/webpage-analyzer/pkg/logger/logger.go:84.59,86.3 1 1
github.com/RuvinSL/webpage-analyzer/pkg/logger/logger.go:87.2,87.15 1 1
github.com/RuvinSL/webpage-analyzer/pkg/logger/logger.go:90.71,91.16 1 1
github.com/RuvinSL/webpage-analyzer/pkg/logger/logger.go:91.16,93.3 1 1
github.com/RuvinSL/webpage-analyzer/pkg/logger/logger.go:94.2,94.15 1 1
github.com/RuvinSL/webpage-analyzer/pkg/logger/logger.go:101.56,103.2 1 1
github.com/RuvinSL/webpage-analyzer/pkg/logger/logger.go:105.56,107.2 1 1
github.com/RuvinSL/webpage-analyzer/pkg/logger/logger.go:109.55,111.2 1 1
github.com/RuvinSL/webpage-analyzer/pkg/logger/logger.go:113.55,115.2 1 1
github.com/RuvinSL/webpage-analyzer/pkg/logger/logger.go:117.56,119.2 1 1
github.com/RuvinSL/webpage-analyzer/pkg/logger/logger.go:121.61,125.2 1 1
github.com/RuvinSL/webpage-analyzer/pkg/metrics/prometheus.go:25.70,108.2 1 0
github.com/RuvinSL/webpage-analyzer/pkg/metrics/prometheus.go:111.70,121.2 1 0
github.com/RuvinSL/webpage-analyzer/pkg/metrics/prometheus.go:124.100,129.2 3 0
github.com/RuvinSL/webpage-analyzer/pkg/metrics/prometheus.go:132.78,134.14 2 0
github.com/RuvinSL/webpage-analyzer/pkg/metrics/prometheus.go:134.14,136.3 1 0
github.com/RuvinSL/webpage-analyzer/pkg/metrics/prometheus.go:138.2,139.62 2 0
github.com/RuvinSL/webpage-analyzer/pkg/metrics/prometheus.go:143.79,145.14 2 0
github.com/RuvinSL/webpage-analyzer/pkg/metrics/prometheus.go:145.14,147.3 1 0
github.com/RuvinSL/webpage-analyzer/pkg/metrics/prometheus.go:149.2,150.63 2 0
github.com/RuvinSL/webpage-analyzer/pkg/metrics/prometheus.go:154.53,156.2 1 0
github.com/RuvinSL/webpage-analyzer/pkg/metrics/prometheus.go:159.53,161.2 1 0
github.com/RuvinSL/webpage-analyzer/pkg/metrics/prometheus.go:164.42,165.9 1 0
github.com/RuvinSL/webpage-analyzer/pkg/metrics/prometheus.go:166.33,167.15 1 0
github.com/RuvinSL/webpage-analyzer/pkg/metrics/prometheus.go:168.33,169.15 1 0
github.com/RuvinSL/webpage-analyzer/pkg/metrics/prometheus.go:170.33,171.15 1 0
github.com/RuvinSL/webpage-analyzer/pkg/metrics/prometheus.go:172.19,173.15 1 0
github.com/RuvinSL/webpage-analyzer/pkg/metrics/prometheus.go:174.10,175.19 1 0
github.com/RuvinSL/webpage-analyzer/pkg/mocks/mock_interfaces.go:28.61,32.2 3 0
github.com/RuvinSL/webpage-analyzer/pkg/mocks/mock_interfaces.go:35.59,37.2 1 0
github.com/RuvinSL/webpage-analyzer/pkg/mocks/mock_interfaces.go:40.100,46.2 5 0
github.com/RuvinSL/webpage-analyzer/pkg/mocks/mock_interfaces.go:49.83,52.2 2 0
github.com/RuvinSL/webpage-analyzer/pkg/mocks/mock_interfaces.go:66.65,70.2 3 0
github.com/RuvinSL/webpage-analyzer/pkg/mocks/mock_interfaces.go:73.63,75.2 1 0
github.com/RuvinSL/webpage-analyzer/pkg/mocks/mock_interfaces.go:78.67,83.2 4 0
github.com/RuvinSL/webpage-analyzer/pkg/mocks/mock_interfaces.go:86.91,89.2 2 0
github.com/RuvinSL/webpage-analyzer/pkg/mocks/mock_interfaces.go:92.62,97.2 4 0
github.com/RuvinSL/webpage-analyzer/pkg/mocks/mock_interfaces.go:100.86,103.2 2 0
github.com/RuvinSL/webpage-analyzer/pkg/mocks/mock_interfaces.go:106.117,112.2 5 0
github.com/RuvinSL/webpage-analyzer/pkg/mocks/mock_interfaces.go:115.97,118.2 2 0
github.com/RuvinSL/webpage-analyzer/pkg/mocks/mock_interfaces.go:132.67,136.2 3 0
github.com/RuvinSL/webpage-analyzer/pkg/mocks/mock_interfaces.go:139.65,141.2 1 0
github.com/RuvinSL/webpage-analyzer/pkg/mocks/mock_interfaces.go:144.94,149.2 4 0
github.com/RuvinSL/webpage-analyzer/pkg/mocks/mock_interfaces.go:152.86,155.2 2 0
github.com/RuvinSL/webpage-analyzer/pkg/mocks/mock_interfaces.go:158.109,164.2 5 0
github.com/RuvinSL/webpage-analyzer/pkg/mocks/mock_interfaces.go:167.88,170.2 2 0
github.com/RuvinSL/webpage-analyzer/pkg/mocks/mock_interfaces.go:184.65,188.2 3 0
github.com/RuvinSL/webpage-analyzer/pkg/mocks/mock_interfaces.go:191.63,193.2 1 0
github.com/RuvinSL/webpage-analyzer/pkg/mocks/mock_interfaces.go:196.93,202.2 5 0
github.com/RuvinSL/webpage-analyzer/pkg/mocks/mock_interfaces.go:205.78,208.2 2 0
github.com/RuvinSL/webpage-analyzer/pkg/mocks/mock_interfaces.go:211.94,217.2 5 0
github.com/RuvinSL/webpage-analyzer/pkg/mocks/mock_interfaces.go:220.79,223.2 2 0
github.com/RuvinSL/webpage-analyzer/pkg/mocks/mock_interfaces.go:237.57,241.2 3 0
github.com/RuvinSL/webpage-analyzer/pkg/mocks/mock_interfaces.go:244.55,246.2 1 0
github.com/RuvinSL/webpage-analyzer/pkg/mocks/mock_interfaces.go:249.53,252.25 3 0
github.com/RuvinSL/webpage-analyzer/pkg/mocks/mock_interfaces.go:252.25,254.3 1 0
github.com/RuvinSL/webpage-analyzer/pkg/mocks/mock_interfaces.go:255.2,255.37 1 0
github.com/RuvinSL/webpage-analyzer/pkg/mocks/mock_interfaces.go:259.92,263.2 3 0
github.com/RuvinSL/webpage-analyzer/pkg/mocks/mock_interfaces.go:266.53,269.25 3 0
github.com/RuvinSL/webpage-analyzer/pkg/mocks/mock_interfaces.go:269.25,271.3 1 0
github.com/RuvinSL/webpage-analyzer/pkg/mocks/mock_interfaces.go:272.2,272.37 1 0
github.com/RuvinSL/webpage-analyzer/pkg/mocks/mock_interfaces.go:276.92,280.2 3 0
github.com/RuvinSL/webpage-analyzer/pkg/mocks/mock_interfaces.go:283.52,286.25 3 0
github.com/RuvinSL/webpage-analyzer/pkg/mocks/mock_interfaces.go:286.25,288.3 1 0
github.com/RuvinSL/webpage-analyzer/pkg/mocks/mock_interfaces.go:289.2,289.36 1 0
github.com/RuvinSL/webpage-analyzer/pkg/mocks/mock_interfaces.go:293.91,297.2 3 0
github.com/RuvinSL/webpage-analyzer/pkg/mocks/mock_interfaces.go:300.52,303.25 3 0
github.com/RuvinSL/webpage-analyzer/pkg/mocks/mock_interfaces.go:303.25,305.3 1 0
github.com/RuvinSL/webpage-analyzer/pkg/mocks/mock_interfaces.go:306.2,306.36 1 0
github.com/RuvinSL/webpage-analyzer/pkg/mocks/mock_interfaces.go:310.91,314.2 3 0
github.com/RuvinSL/webpage-analyzer/pkg/mocks/mock_interfaces.go:317.58,320.25 3 0
github.com/RuvinSL/webpage-analyzer/pkg/mocks/mock_interfaces.go:320.25,322.3 1 0
github.com/RuvinSL/webpage-analyzer/pkg/mocks/mock_interfaces.go:323.2,325.13 3 0
github.com/RuvinSL/webpage-analyzer/pkg/mocks/mock_interfaces.go:329.74,332.2 2 0
github.com/RuvinSL/webpage-analyzer/pkg/mocks/mock_interfaces.go:346.77,350.2 3 0
github.com/RuvinSL/webpage-analyzer/pkg/mocks/mock_interfaces.go:353.75,355.2 1 0
github.com/RuvinSL/webpage-analyzer/pkg/mocks/mock_interfaces.go:358.79,361.2 2 0
github.com/RuvinSL/webpage-analyzer/pkg/mocks/mock_interfaces.go:364.104,367.2 2 0
github.com/RuvinSL/webpage-analyzer/pkg/mocks/mock_interfaces.go:370.80,373.2 2 0
github.com/RuvinSL/webpage-analyzer/pkg/mocks/mock_interfaces.go:376.105,379.2 2 0
github.com/RuvinSL/webpage-analyzer/pkg/mocks/mock_interfaces.go:382.101,385.2 2 0
github.com/RuvinSL/webpage-analyzer/pkg/mocks/mock_interfaces.go:388.120,391.2 2 0
github.com/RuvinSL/webpage-analyzer/pkg/mocks/mock_interfaces.go:405.55,409.2 3 0
github.com/RuvinSL/webpage-analyzer/pkg/mocks/mock_interfaces.go:412.53,414.2 1 0
github.com/RuvinSL/webpage-analyzer/pkg/mocks/mock_interfaces.go:417.67,422.2 4 0
github.com/RuvinSL/webpage-analyzer/pkg/mocks/mock_interfaces.go:425.76,428.2 2 0
github.com/RuvinSL/webpage-analyzer/pkg/mocks/mock_interfaces.go:431.74,437.2 5 0
github.com/RuvinSL/webpage-analyzer/pkg/mocks/mock_interfaces.go:440.73,443.2 2 0
github.com/RuvinSL/webpage-analyzer/pkg/mocks/mock_interfaces.go:446.87,451.2 4 0
github.com/RuvinSL/webpage-analyzer/pkg/mocks/mock_interfaces.go:454.85,457.2 2 0
github.com/RuvinSL/webpage-analyzer/pkg/mocks/mock_interfaces.go:471.71,475.2 3 0
github.com/RuvinSL/webpage-analyzer/pkg/mocks/mock_interfaces.go:478.69,480.2 1 0
github.com/RuvinSL/webpage-analyzer/pkg/mocks/mock_interfaces.go:483.68,488.2 4 0
github.com/RuvinSL/webpage-analyzer/pkg/mocks/mock_interfaces.go:491.84,494.2 2 0
github.com/RuvinSL/webpage-analyzer/services/analyzer/core/analyzer.go:27.13,35.2 1 1
github.com/RuvinSL/webpage-analyzer/services/analyzer/core/analyzer.go:37.96,39.15 2 1
github.com/RuvinSL/webpage-analyzer/services/analyzer/core/analyzer.go:39.15,42.3 2 1
github.com/RuvinSL/webpage-analyzer/services/analyzer/core/analyzer.go:44.2,48.16 3 1
github.com/RuvinSL/webpage-analyzer/services/analyzer/core/analyzer.go:48.16,52.3 3 1
github.com/RuvinSL/webpage-analyzer/services/analyzer/core/analyzer.go:55.2,62.16 3 1
github.com/RuvinSL/webpage-analyzer/services/analyzer/core/analyzer.go:62.16,65.3 2 1
github.com/RuvinSL/webpage-analyzer/services/analyzer/core/analyzer.go:68.2,72.16 3 1
github.com/RuvinSL/webpage-analyzer/services/analyzer/core/analyzer.go:72.16,75.3 1 0
github.com/RuvinSL/webpage-analyzer/services/analyzer/core/analyzer.go:78.2,97.20 4 1
github.com/RuvinSL/webpage-analyzer/services/analyzer/core/analyzer.go:100.96,102.16 2 1
github.com/RuvinSL/webpage-analyzer/services/analyzer/core/analyzer.go:102.16,104.3 1 1
github.com/RuvinSL/webpage-analyzer/services/analyzer/core/analyzer.go:106.2,106.32 1 1
github.com/RuvinSL/webpage-analyzer/services/analyzer/core/analyzer.go:106.32,108.3 1 1
github.com/RuvinSL/webpage-analyzer/services/analyzer/core/analyzer.go:110.2,110.22 1 1
github.com/RuvinSL/webpage-analyzer/services/analyzer/core/analyzer.go:114.84,123.2 1 1
github.com/RuvinSL/webpage-analyzer/services/analyzer/core/analyzer.go:125.105,131.34 3 1
github.com/RuvinSL/webpage-analyzer/services/analyzer/core/analyzer.go:131.34,133.3 1 1
github.com/RuvinSL/webpage-analyzer/services/analyzer/core/analyzer.go:135.2,135.29 1 1
github.com/RuvinSL/webpage-analyzer/services/analyzer/core/analyzer.go:135.29,136.20 1 1
github.com/RuvinSL/webpage-analyzer/services/analyzer/core/analyzer.go:137.32,138.22 1 1
github.com/RuvinSL/webpage-analyzer/services/analyzer/core/analyzer.go:139.32,140.22 1 1
github.com/RuvinSL/webpage-analyzer/services/analyzer/core/analyzer.go:146.3,146.74 1 1
github.com/RuvinSL/webpage-analyzer/services/analyzer/core/analyzer.go:146.74,148.4 1 1
github.com/RuvinSL/webpage-analyzer/services/analyzer/core/analyzer.go:151.2,151.16 1 1
github.com/RuvinSL/webpage-analyzer/services/analyzer/core/html_parser.go:23.58,27.2 1 1
github.com/RuvinSL/webpage-analyzer/services/analyzer/core/html_parser.go:29.113,33.67 2 1
github.com/RuvinSL/webpage-analyzer/services/analyzer/core/html_parser.go:33.67,35.17 2 0
github.com/RuvinSL/webpage-analyzer/services/analyzer/core/html_parser.go:35.17,37.4 1 0
github.com/RuvinSL/webpage-analyzer/services/analyzer/core/html_parser.go:38.3,39.14 2 0
github.com/RuvinSL/webpage-analyzer/services/analyzer/core/html_parser.go:42.2,43.16 2 1
github.com/RuvinSL/webpage-analyzer/services/analyzer/core/html_parser.go:43.16,45.3 1 0
github.com/RuvinSL/webpage-analyzer/services/analyzer/core/html_parser.go:47.2,48.16 2 1
github.com/RuvinSL/webpage-analyzer/services/analyzer/core/html_parser.go:48.16,50.3 1 1
github.com/RuvinSL/webpage-analyzer/services/analyzer/core/html_parser.go:52.2,59.20 3 1
github.com/RuvinSL/webpage-analyzer/services/analyzer/core/html_parser.go:62.63,65.66 1 1
github.com/RuvinSL/webpage-analyzer/services/analyzer/core/html_parser.go:65.66,67.17 2 0
github.com/RuvinSL/webpage-analyzer/services/analyzer/core/html_parser.go:67.17,70.18 3 0
github.com/RuvinSL/webpage-analyzer/services/analyzer/core/html_parser.go:70.18,72.5 1 0
github.com/RuvinSL/webpage-analyzer/services/analyzer/core/html_parser.go:76.2,83.20 5 1
github.com/RuvinSL/webpage-analyzer/services/analyzer/core/html_parser.go:83.20,84.22 1 1
github.com/RuvinSL/webpage-analyzer/services/analyzer/core/html_parser.go:84.22,86.4 1 1
github.com/RuvinSL/webpage-analyzer/services/analyzer/core/html_parser.go:89.2,91.92 2 1
github.com/RuvinSL/webpage-analyzer/services/analyzer/core/html_parser.go:91.92,94.21 2 1
github.com/RuvinSL/webpage-analyzer/services/analyzer/core/html_parser.go:94.21,97.23 2 1
github.com/RuvinSL/webpage-analyzer/services/analyzer/core/html_parser.go:97.23,99.5 1 1
github.com/RuvinSL/webpage-analyzer/services/analyzer/core/html_parser.go:100.4,103.76 2 1
github.com/RuvinSL/webpage-analyzer/services/analyzer/core/html_parser.go:103.76,105.5 1 1
github.com/RuvinSL/webpage-analyzer/services/analyzer/core/html_parser.go:108.4,108.51 1 1
github.com/RuvinSL/webpage-analyzer/services/analyzer/core/html_parser.go:108.51,110.5 1 1
github.com/RuvinSL/webpage-analyzer/services/analyzer/core/html_parser.go:113.4,113.51 1 1
github.com/RuvinSL/webpage-analyzer/services/analyzer/core/html_parser.go:113.51,114.49 1 1
github.com/RuvinSL/webpage-analyzer/services/analyzer/core/html_parser.go:114.49,116.6 1 1
github.com/RuvinSL/webpage-analyzer/services/analyzer/core/html_parser.go:116.11,116.62 1 0
github.com/RuvinSL/webpage-analyzer/services/analyzer/core/html_parser.go:116.62,118.6 1 0
github.com/RuvinSL/webpage-analyzer/services/analyzer/core/html_parser.go:118.11,118.58 1 0
github.com/RuvinSL/webpage-analyzer/services/analyzer/core/html_parser.go:118.58,120.6 1 0
github.com/RuvinSL/webpage-analyzer/services/analyzer/core/html_parser.go:121.5,121.23 1 0
github.com/RuvinSL/webpage-analyzer/services/analyzer/core/html_parser.go:125.4,125.51 1 1
github.com/RuvinSL/webpage-analyzer/services/analyzer/core/html_parser.go:125.51,126.49 1 1
github.com/RuvinSL/webpage-analyzer/services/analyzer/core/html_parser.go:126.49,128.6 1 0
github.com/RuvinSL/webpage-analyzer/services/analyzer/core/html_parser.go:128.11,128.62 1 1
github.com/RuvinSL/webpage-analyzer/services/analyzer/core/html_parser.go:128.62,130.6 1 1
github.com/RuvinSL/webpage-analyzer/services/analyzer/core/html_parser.go:130.11,130.58 1 0
github.com/RuvinSL/webpage-analyzer/services/analyzer/core/html_parser.go:130.58,132.6 1 0
github.com/RuvinSL/webpage-analyzer/services/analyzer/core/html_parser.go:133.5,133.23 1 0
github.com/RuvinSL/webpage-analyzer/services/analyzer/core/html_parser.go:137.4,137.50 1 1
github.com/RuvinSL/webpage-analyzer/services/analyzer/core/html_parser.go:137.50,139.5 1 1
github.com/RuvinSL/webpage-analyzer/services/analyzer/core/html_parser.go:142.4,142.50 1 0
github.com/RuvinSL/webpage-analyzer/services/analyzer/core/html_parser.go:142.50,144.5 1 0
github.com/RuvinSL/webpage-analyzer/services/analyzer/core/html_parser.go:147.4,147.28 1 0
github.com/RuvinSL/webpage-analyzer/services/analyzer/core/html_parser.go:152.2,153.27 2 1
github.com/RuvinSL/webpage-analyzer/services/analyzer/core/html_parser.go:153.27,155.3 1 0
github.com/RuvinSL/webpage-analyzer/services/analyzer/core/html_parser.go:157.2,157.46 1 1
github.com/RuvinSL/webpage-analyzer/services/analyzer/core/html_parser.go:157.46,158.22 1 0
github.com/RuvinSL/webpage-analyzer/services/analyzer/core/html_parser.go:158.22,160.4 1 0
github.com/RuvinSL/webpage-analyzer/services/analyzer/core/html_parser.go:161.3,161.36 1 0
github.com/RuvinSL/webpage-analyzer/services/analyzer/core/html_parser.go:165.2,165.29 1 1
github.com/RuvinSL/webpage-analyzer/services/analyzer/core/html_parser.go:168.58,173.16 2 1
github.com/RuvinSL/webpage-analyzer/services/analyzer/core/html_parser.go:173.16,175.3 1 0
github.com/RuvinSL/webpage-analyzer/services/analyzer/core/html_parser.go:177.2,179.33 3 1
github.com/RuvinSL/webpage-analyzer/services/analyzer/core/html_parser.go:179.33,180.77 1 1
github.com/RuvinSL/webpage-analyzer/services/analyzer/core/html_parser.go:180.77,183.4 2 1
github.com/RuvinSL/webpage-analyzer/services/analyzer/core/html_parser.go:184.3,184.54 1 1
github.com/RuvinSL/webpage-analyzer/services/analyzer/core/html_parser.go:184.54,186.4 1 1
github.com/RuvinSL/webpage-analyzer/services/analyzer/core/html_parser.go:188.2,190.14 2 1
github.com/RuvinSL/webpage-analyzer/services/analyzer/core/html_parser.go:193.93,194.35 1 1
github.com/RuvinSL/webpage-analyzer/services/analyzer/core/html_parser.go:194.35,195.20 1 1
github.com/RuvinSL/webpage-analyzer/services/analyzer/core/html_parser.go:196.16,197.71 1 1
github.com/RuvinSL/webpage-analyzer/services/analyzer/core/html_parser.go:197.71,200.5 1 1
github.com/RuvinSL/webpage-analyzer/services/analyzer/core/html_parser.go:201.43,203.18 2 1
github.com/RuvinSL/webpage-analyzer/services/analyzer/core/html_parser.go:203.18,206.5 1 1
github.com/RuvinSL/webpage-analyzer/services/analyzer/core/html_parser.go:207.12,208.57 1 1
github.com/RuvinSL/webpage-analyzer/services/analyzer/core/html_parser.go:208.57,211.5 1 1
github.com/RuvinSL/webpage-analyzer/services/analyzer/core/html_parser.go:212.15,213.27 1 1
github.com/RuvinSL/webpage-analyzer/services/analyzer/core/html_parser.go:213.27,216.5 1 1
github.com/RuvinSL/webpage-analyzer/services/analyzer/core/html_parser.go:220.2,220.72 1 1
github.com/RuvinSL/webpage-analyzer/services/analyzer/core/html_parser.go:220.72,222.3 1 1
github.com/RuvinSL/webpage-analyzer/services/analyzer/core/html_parser.go:225.58,228.31 3 1
github.com/RuvinSL/webpage-analyzer/services/analyzer/core/html_parser.go:228.31,229.30 1 1
github.com/RuvinSL/webpage-analyzer/services/analyzer/core/html_parser.go:229.30,231.4 1 1
github.com/RuvinSL/webpage-analyzer/services/analyzer/core/html_parser.go:232.3,232.54 1 1
github.com/RuvinSL/webpage-analyzer/services/analyzer/core/html_parser.go:232.54,234.4 1 1
github.com/RuvinSL/webpage-analyzer/services/analyzer/core/html_parser.go:236.2,237.41 2 1
github.com/RuvinSL/webpage-analyzer/services/analyzer/core/html_parser.go:240.82,245.33 2 1
github.com/RuvinSL/webpage-analyzer/services/analyzer/core/html_parser.go:245.33,246.25 1 1
github.com/RuvinSL/webpage-analyzer/services/analyzer/core/html_parser.go:246.25,248.9 2 1
github.com/RuvinSL/webpage-analyzer/services/analyzer/core/html_parser.go:252.2,253.38 1 1
github.com/RuvinSL/webpage-analyzer/services/analyzer/core/html_parser.go:253.38,255.3 1 1
github.com/RuvinSL/webpage-analyzer/services/analyzer/core/html_parser.go:257.2,258.16 2 1
github.com/RuvinSL/webpage-analyzer/services/analyzer/core/html_parser.go:258.16,259.22 1 0
github.com/RuvinSL/webpage-analyzer/services/analyzer/core/html_parser.go:259.22,261.4 1 0
github.com/RuvinSL/webpage-analyzer/services/analyzer/core/html_parser.go:262.3,262.13 1 0
github.com/RuvinSL/webpage-analyzer/services/analyzer/core/html_parser.go:265.2,273.13 3 1
github.com/RuvinSL/webpage-analyzer/services/analyzer/core/html_parser.go:276.83,277.56 1 1
github.com/RuvinSL/webpage-analyzer/services/analyzer/core/html_parser.go:277.56,279.3 1 1
github.com/RuvinSL/webpage-analyzer/services/analyzer/core/html_parser.go:280.2,280.32 1 1
github.com/RuvinSL/webpage-analyzer/services/analyzer/core/html_parser.go:283.56,289.33 4 1
github.com/RuvinSL/webpage-analyzer/services/analyzer/core/html_parser.go:289.33,290.27 1 1
github.com/RuvinSL/webpage-analyzer/services/analyzer/core/html_parser.go:290.27,292.9 2 1
github.com/RuvinSL/webpage-analyzer/services/analyzer/core/html_parser.go:296.2,297.40 2 1
github.com/RuvinSL/webpage-analyzer/services/analyzer/core/html_parser.go:297.40,298.44 1 1
github.com/RuvinSL/webpage-analyzer/services/analyzer/core/html_parser.go:298.44,300.4 1 1
github.com/RuvinSL/webpage-analyzer/services/analyzer/core/html_parser.go:303.2,304.35 2 1
github.com/RuvinSL/webpage-analyzer/services/analyzer/core/html_parser.go:304.35,305.54 1 1
github.com/RuvinSL/webpage-analyzer/services/analyzer/core/html_parser.go:305.54,309.32 3 1
github.com/RuvinSL/webpage-analyzer/services/analyzer/core/html_parser.go:309.32,310.21 1 1
github.com/RuvinSL/webpage-analyzer/services/analyzer/core/html_parser.go:311.17,312.43 1 1
github.com/RuvinSL/webpage-analyzer/services/analyzer/core/html_parser.go:313.17,314.43 1 1
github.com/RuvinSL/webpage-analyzer/services/analyzer/core/html_parser.go:318.4,318.31 1 1
github.com/RuvinSL/webpage-analyzer/services/analyzer/core/html_parser.go:318.31,320.5 1 1
github.com/RuvinSL/webpage-analyzer/services/analyzer/core/html_parser.go:322.4,323.45 2 1
github.com/RuvinSL/webpage-analyzer/services/analyzer/core/html_parser.go:323.45,324.45 1 1
github.com/RuvinSL/webpage-analyzer/services/analyzer/core/html_parser.go:324.45,326.11 2 1
github.com/RuvinSL/webpage-analyzer/services/analyzer/core/html_parser.go:331.3,331.54 1 1
github.com/RuvinSL/webpage-analyzer/services/analyzer/core/html_parser.go:331.54,333.4 1 1
github.com/RuvinSL/webpage-analyzer/services/analyzer/core/html_parser.go:336.2,339.67 2 1
github.com/RuvinSL/webpage-analyzer/services/analyzer/core/link_checker_client.go:21.111,34.2 1 0
github.com/RuvinSL/webpage-analyzer/services/analyzer/core/link_checker_client.go:36.111,37.21 1 0
github.com/RuvinSL/webpage-analyzer/services/analyzer/core/link_checker_client.go:37.21,39.3 1 0
github.com/RuvinSL/webpage-analyzer/services/analyzer/core/link_checker_client.go:41.2,51.16 4 0
github.com/RuvinSL/webpage-analyzer/services/analyzer/core/link_checker_client.go:51.16,53.3 1 0
github.com/RuvinSL/webpage-analyzer/services/analyzer/core/link_checker_client.go:56.2,57.16 2 0
github.com/RuvinSL/webpage-analyzer/services/analyzer/core/link_checker_client.go:57.16,59.3 1 0
github.com/RuvinSL/webpage-analyzer/services/analyzer/core/link_checker_client.go:60.2,63.59 2 0
github.com/RuvinSL/webpage-analyzer/services/analyzer/core/link_checker_client.go:63.59,65.3 1 0
github.com/RuvinSL/webpage-analyzer/services/analyzer/core/link_checker_client.go:68.2,70.16 3 0
github.com/RuvinSL/webpage-analyzer/services/analyzer/core/link_checker_client.go:70.16,73.3 2 0
github.com/RuvinSL/webpage-analyzer/services/analyzer/core/link_checker_client.go:74.2,82.38 3 0
github.com/RuvinSL/webpage-analyzer/services/analyzer/core/link_checker_client.go:82.38,84.71 2 0
github.com/RuvinSL/webpage-analyzer/services/analyzer/core/link_checker_client.go:84.71,86.4 1 0
github.com/RuvinSL/webpage-analyzer/services/analyzer/core/link_checker_client.go:87.3,87.48 1 0
github.com/RuvinSL/webpage-analyzer/services/analyzer/core/link_checker_client.go:91.2,94.67 2 0
github.com/RuvinSL/webpage-analyzer/services/analyzer/core/link_checker_client.go:94.67,96.3 1 0
github.com/RuvinSL/webpage-analyzer/services/analyzer/core/link_checker_client.go:98.2,98.33 1 0
github.com/RuvinSL/webpage-analyzer/services/analyzer/core/link_checker_client.go:102.96,112.16 4 0
github.com/RuvinSL/webpage-analyzer/services/analyzer/core/link_checker_client.go:112.16,119.3 1 0
github.com/RuvinSL/webpage-analyzer/services/analyzer/core/link_checker_client.go:122.2,123.16 2 0
github.com/RuvinSL/webpage-analyzer/services/analyzer/core/link_checker_client.go:123.16,130.3 1 0
github.com/RuvinSL/webpage-analyzer/services/analyzer/core/link_checker_client.go:131.2,135.16 3 0
github.com/RuvinSL/webpage-analyzer/services/analyzer/core/link_checker_client.go:135.16,142.3 1 0
github.com/RuvinSL/webpage-analyzer/services/analyzer/core/link_checker_client.go:143.2,147.67 3 0
github.com/RuvinSL/webpage-analyzer/services/analyzer/core/link_checker_client.go:147.67,154.3 1 0
github.com/RuvinSL/webpage-analyzer/services/analyzer/core/link_checker_client.go:156.2,156.15 1 0
github.com/RuvinSL/webpage-analyzer/services/analyzer/core/link_checker_client.go:159.68,161.16 2 0
github.com/RuvinSL/webpage-analyzer/services/analyzer/core/link_checker_client.go:161.16,163.3 1 0
github.com/RuvinSL/webpage-analyzer/services/analyzer/core/link_checker_client.go:165.2,166.16 2 0
github.com/RuvinSL/webpage-analyzer/services/analyzer/core/link_checker_client.go:166.16,168.3 1 0
github.com/RuvinSL/webpage-analyzer/services/analyzer/core/link_checker_client.go:169.2,171.38 2 0
github.com/RuvinSL/webpage-analyzer/services/analyzer/core/link_checker_client.go:171.38,173.3 1 0
github.com/RuvinSL/webpage-analyzer/services/analyzer/core/link_checker_client.go:175.2,175.12 1 0
github.com/RuvinSL/webpage-analyzer/services/analyzer/handlers/analyzer_handler.go:19.98,24.2 1 1
github.com/RuvinSL/webpage-analyzer/services/analyzer/handlers/analyzer_handler.go:26.75,31.61 3 1
github.com/RuvinSL/webpage-analyzer/services/analyzer/handlers/analyzer_handler.go:31.61,35.3 3 1
github.com/RuvinSL/webpage-analyzer/services/analyzer/handlers/analyzer_handler.go:38.2,38.19 1 1
github.com/RuvinSL/webpage-analyzer/services/analyzer/handlers/analyzer_handler.go:38.19,41.3 2 1
github.com/RuvinSL/webpage-analyzer/services/analyzer/handlers/analyzer_handler.go:43.2,50.16 4 1
github.com/RuvinSL/webpage-analyzer/services/analyzer/handlers/analyzer_handler.go:50.16,60.49 4 1
github.com/RuvinSL/webpage-analyzer/services/analyzer/handlers/analyzer_handler.go:60.49,63.4 2 1
github.com/RuvinSL/webpage-analyzer/services/analyzer/handlers/analyzer_handler.go:63.9,63.49 1 1
github.com/RuvinSL/webpage-analyzer/services/analyzer/handlers/analyzer_handler.go:63.49,66.4 2 1
github.com/RuvinSL/webpage-analyzer/services/analyzer/handlers/analyzer_handler.go:68.3,69.9 2 1
github.com/RuvinSL/webpage-analyzer/services/analyzer/handlers/analyzer_handler.go:73.2,84.58 4 1
github.com/RuvinSL/webpage-analyzer/services/analyzer/handlers/analyzer_handler.go:84.58,86.3 1 0
github.com/RuvinSL/webpage-analyzer/services/analyzer/handlers/analyzer_handler.go:90.92,100.60 4 1
github.com/RuvinSL/webpage-analyzer/services/analyzer/handlers/analyzer_handler.go:100.60,102.3 1 0
github.com/RuvinSL/webpage-analyzer/services/analyzer/handlers/analyzer_handler.go:105.38,107.2 1 1
github.com/RuvinSL/webpage-analyzer/services/analyzer/handlers/health_handler.go:24.91,30.2 1 0
github.com/RuvinSL/webpage-analyzer/services/analyzer/handlers/health_handler.go:33.72,39.61 4 0
github.com/RuvinSL/webpage-analyzer/services/analyzer/handlers/health_handler.go:39.61,41.3 1 0
github.com/RuvinSL/webpage-analyzer/services/analyzer/handlers/health_handler.go:41.8,43.3 1 0
github.com/RuvinSL/webpage-analyzer/services/analyzer/handlers/health_handler.go:45.2,46.31 2 0
github.com/RuvinSL/webpage-analyzer/services/analyzer/handlers/health_handler.go:46.31,47.25 1 0
github.com/RuvinSL/webpage-analyzer/services/analyzer/handlers/health_handler.go:47.25,49.9 2 0
github.com/RuvinSL/webpage-analyzer/services/analyzer/handlers/health_handler.go:53.2,63.25 3 0
github.com/RuvinSL/webpage-analyzer/services/analyzer/handlers/health_handler.go:63.25,65.3 1 0
github.com/RuvinSL/webpage-analyzer/services/analyzer/handlers/health_handler.go:68.2,70.37 3 0
github.com/RuvinSL/webpage-analyzer/services/analyzer/handlers/health_handler.go:73.45,78.14 4 0
github.com/RuvinSL/webpage-analyzer/services/analyzer/handlers/health_handler.go:78.14,80.3 1 0
github.com/RuvinSL/webpage-analyzer/services/analyzer/handlers/health_handler.go:80.8,80.22 1 0
github.com/RuvinSL/webpage-analyzer/services/analyzer/handlers/health_handler.go:80.22,82.3 1 0
github.com/RuvinSL/webpage-analyzer/services/analyzer/handlers/health_handler.go:83.2,83.36 1 0
github.com/RuvinSL/webpage-analyzer/pkg/httpclient/client.go:22.67,42.2 1 1
github.com/RuvinSL/webpage-analyzer/pkg/httpclient/client.go:45.85,48.16 2 1
github.com/RuvinSL/webpage-analyzer/pkg/httpclient/client.go:48.16,50.3 1 1
github.com/RuvinSL/webpage-analyzer/pkg/httpclient/client.go:53.2,67.16 8 1
github.com/RuvinSL/webpage-analyzer/pkg/httpclient/client.go:67.16,74.3 2 1
github.com/RuvinSL/webpage-analyzer/pkg/httpclient/client.go:75.2,81.16 5 1
github.com/RuvinSL/webpage-analyzer/pkg/httpclient/client.go:81.16,87.3 2 1
github.com/RuvinSL/webpage-analyzer/pkg/httpclient/client.go:90.2,104.22 3 1
github.com/RuvinSL/webpage-analyzer/pkg/httpclient/client.go:107.86,110.16 2 1
github.com/RuvinSL/webpage-analyzer/pkg/httpclient/client.go:110.16,112.3 1 1
github.com/RuvinSL/webpage-analyzer/pkg/httpclient/client.go:115.2,120.16 4 1
github.com/RuvinSL/webpage-analyzer/pkg/httpclient/client.go:120.16,127.3 2 1
github.com/RuvinSL/webpage-analyzer/pkg/httpclient/client.go:128.2,137.22 3 1
github.com/RuvinSL/webpage-analyzer/services/analyzer/main.go:30.39,32.45 1 1
github.com/RuvinSL/webpage-analyzer/services/analyzer/main.go:32.45,35.3 2 1
github.com/RuvinSL/webpage-analyzer/services/analyzer/main.go:38.2,38.47 1 1
github.com/RuvinSL/webpage-analyzer/services/analyzer/main.go:41.13,87.12 20 0
github.com/RuvinSL/webpage-analyzer/services/analyzer/main.go:87.12,97.77 2 0
github.com/RuvinSL/webpage-analyzer/services/analyzer/main.go:97.77,100.4 2 0
github.com/RuvinSL/webpage-analyzer/services/analyzer/main.go:103.2,112.42 7 0
github.com/RuvinSL/webpage-analyzer/services/analyzer/main.go:112.42,114.3 1 0
github.com/RuvinSL/webpage-analyzer/services/analyzer/main.go:116.2,116.27 1 0
github.com/RuvinSL/webpage-analyzer/services/analyzer/main.go:119.66,120.46 1 1
github.com/RuvinSL/webpage-analyzer/services/analyzer/main.go:120.46,121.72 1 1
github.com/RuvinSL/webpage-analyzer/services/analyzer/main.go:121.72,136.4 4 1
github.com/RuvinSL/webpage-analyzer/services/analyzer/main.go:140.72,141.46 1 1
github.com/RuvinSL/webpage-analyzer/services/analyzer/main.go:141.46,142.72 1 1
github.com/RuvinSL/webpage-analyzer/services/analyzer/main.go:142.72,150.4 5 1
github.com/RuvinSL/webpage-analyzer/services/analyzer/main.go:154.67,155.46 1 1
github.com/RuvinSL/webpage-analyzer/services/analyzer/main.go:155.46,156.72 1 1
github.com/RuvinSL/webpage-analyzer/services/analyzer/main.go:156.72,157.17 1 1
github.com/RuvinSL/webpage-analyzer/services/analyzer/main.go:157.17,158.37 1 1
github.com/RuvinSL/webpage-analyzer/services/analyzer/main.go:158.37,161.6 2 1
github.com/RuvinSL/webpage-analyzer/services/analyzer/main.go:163.4,163.24 1 1
github.com/RuvinSL/webpage-analyzer/services/analyzer/main.go:173.49,176.2 2 1
github.com/RuvinSL/webpage-analyzer/services/analyzer/main.go:178.46,179.42 1 1
github.com/RuvinSL/webpage-analyzer/services/analyzer/main.go:179.42,181.3 1 1
github.com/RuvinSL/webpage-analyzer/services/analyzer/main.go:182.2,182.21 1 1
github.com/RuvinSL/webpage-analyzer/services/analyzer/main.go:185.31,186.32 1 1
github.com/RuvinSL/webpage-analyzer/services/analyzer/main.go:187.15,188.25 1 1
github.com/RuvinSL/webpage-analyzer/services/analyzer/main.go:189.14,190.24 1 1
github.com/RuvinSL/webpage-analyzer/services/analyzer/main.go:191.15,192.25 1 1
github.com/RuvinSL/webpage-analyzer/services/analyzer/main.go:193.10,194.24 1 1
github.com/RuvinSL/webpage-analyzer/services/gateway/middleware/middleware.go:13.48,14.71 1 1
github.com/RuvinSL/webpage-analyzer/services/gateway/middleware/middleware.go:14.71,17.22 2 1
github.com/RuvinSL/webpage-analyzer/services/gateway/middleware/middleware.go:17.22,20.4 1 1
github.com/RuvinSL/webpage-analyzer/services/gateway/middleware/middleware.go:23.3,29.40 3 1
github.com/RuvinSL/webpage-analyzer/services/gateway/middleware/middleware.go:33.59,34.46 1 1
github.com/RuvinSL/webpage-analyzer/services/gateway/middleware/middleware.go:34.46,35.72 1 1
github.com/RuvinSL/webpage-analyzer/services/gateway/middleware/middleware.go:35.72,46.62 4 1
github.com/RuvinSL/webpage-analyzer/services/gateway/middleware/middleware.go:46.62,48.5 1 1
github.com/RuvinSL/webpage-analyzer/services/gateway/middleware/middleware.go:51.4,70.5 4 1
github.com/RuvinSL/webpage-analyzer/services/gateway/middleware/middleware.go:75.72,76.46 1 1
github.com/RuvinSL/webpage-analyzer/services/gateway/middleware/middleware.go:76.46,77.72 1 1
github.com/RuvinSL/webpage-analyzer/services/gateway/middleware/middleware.go:77.72,92.4 5 1
github.com/RuvinSL/webpage-analyzer/services/gateway/middleware/middleware.go:97.60,98.46 1 1
github.com/RuvinSL/webpage-analyzer/services/gateway/middleware/middleware.go:98.46,99.72 1 1
github.com/RuvinSL/webpage-analyzer/services/gateway/middleware/middleware.go:99.72,100.17 1 1
github.com/RuvinSL/webpage-analyzer/services/gateway/middleware/middleware.go:100.17,101.37 1 1
github.com/RuvinSL/webpage-analyzer/services/gateway/middleware/middleware.go:101.37,112.6 2 1
github.com/RuvinSL/webpage-analyzer/services/gateway/middleware/middleware.go:115.4,115.24 1 1
github.com/RuvinSL/webpage-analyzer/services/gateway/middleware/middleware.go:121.32,122.46 1 1
github.com/RuvinSL/webpage-analyzer/services/gateway/middleware/middleware.go:122.46,123.72 1 1
github.com/RuvinSL/webpage-analyzer/services/gateway/middleware/middleware.go:123.72,131.29 5 1
github.com/RuvinSL/webpage-analyzer/services/gateway/middleware/middleware.go:131.29,134.5 2 1
github.com/RuvinSL/webpage-analyzer/services/gateway/middleware/middleware.go:136.4,136.24 1 1
github.com/RuvinSL/webpage-analyzer/services/gateway/middleware/middleware.go:148.49,149.17 1 1
github.com/RuvinSL/webpage-analyzer/services/gateway/middleware/middleware.go:149.17,153.3 3 1
github.com/RuvinSL/webpage-analyzer/services/gateway/middleware/middleware.go:156.56,157.17 1 1
github.com/RuvinSL/webpage-analyzer/services/gateway/middleware/middleware.go:157.17,159.3 1 1
github.com/RuvinSL/webpage-analyzer/services/gateway/middleware/middleware.go:160.2,160.35 1 1
github.com/RuvinSL/webpage-analyzer/services/gateway/middleware/middleware.go:163.33,166.2 1 1
github.com/RuvinSL/webpage-analyzer/services/gateway/middleware/middleware.go:168.46,171.19 3 1
github.com/RuvinSL/webpage-analyzer/services/gateway/middleware/middleware.go:171.19,173.3 1 1
github.com/RuvinSL/webpage-analyzer/services/gateway/middleware/middleware.go:174.2,174.18 1 1
github.com/RuvinSL/webpage-analyzer/services/link-checker/core/concurrent_checker.go:37.26,48.2 1 1
github.com/RuvinSL/webpage-analyzer/services/link-checker/core/concurrent_checker.go:51.60,55.15 3 0
github.com/RuvinSL/webpage-analyzer/services/link-checker/core/concurrent_checker.go:55.15,58.3 2 0
github.com/RuvinSL/webpage-analyzer/services/link-checker/core/concurrent_checker.go:60.2,63.40 2 0
github.com/RuvinSL/webpage-analyzer/services/link-checker/core/concurrent_checker.go:63.40,66.3 2 0
github.com/RuvinSL/webpage-analyzer/services/link-checker/core/concurrent_checker.go:68.2,68.18 1 0
github.com/RuvinSL/webpage-analyzer/services/link-checker/core/concurrent_checker.go:71.40,75.16 3 0
github.com/RuvinSL/webpage-analyzer/services/link-checker/core/concurrent_checker.go:75.16,77.3 1 0
github.com/RuvinSL/webpage-analyzer/services/link-checker/core/concurrent_checker.go:79.2,92.51 7 0
github.com/RuvinSL/webpage-analyzer/services/link-checker/core/concurrent_checker.go:96.115,97.21 1 0
github.com/RuvinSL/webpage-analyzer/services/link-checker/core/concurrent_checker.go:97.21,99.3 1 0
github.com/RuvinSL/webpage-analyzer/services/link-checker/core/concurrent_checker.go:101.2,113.40 8 0
github.com/RuvinSL/webpage-analyzer/services/link-checker/core/concurrent_checker.go:113.40,115.25 2 0
github.com/RuvinSL/webpage-analyzer/services/link-checker/core/concurrent_checker.go:115.25,117.35 2 0
github.com/RuvinSL/webpage-analyzer/services/link-checker/core/concurrent_checker.go:117.35,119.12 2 0
github.com/RuvinSL/webpage-analyzer/services/link-checker/core/concurrent_checker.go:120.37,120.37 0 0
github.com/RuvinSL/webpage-analyzer/services/link-checker/core/concurrent_checker.go:121.28,122.12 1 0
github.com/RuvinSL/webpage-analyzer/services/link-checker/core/concurrent_checker.go:129.2,129.12 1 0
github.com/RuvinSL/webpage-analyzer/services/link-checker/core/concurrent_checker.go:129.12,131.30 2 0
github.com/RuvinSL/webpage-analyzer/services/link-checker/core/concurrent_checker.go:131.30,132.11 1 0
github.com/RuvinSL/webpage-analyzer/services/link-checker/core/concurrent_checker.go:133.66,133.66 0 0
github.com/RuvinSL/webpage-analyzer/services/link-checker/core/concurrent_checker.go:134.27,135.11 1 0
github.com/RuvinSL/webpage-analyzer/services/link-checker/core/concurrent_checker.go:141.2,145.12 3 0
github.com/RuvinSL/webpage-analyzer/services/link-checker/core/concurrent_checker.go:145.12,148.3 2 0
github.com/RuvinSL/webpage-analyzer/services/link-checker/core/concurrent_checker.go:151.2,151.34 1 0
github.com/RuvinSL/webpage-analyzer/services/link-checker/core/concurrent_checker.go:151.34,152.10 1 0
github.com/RuvinSL/webpage-analyzer/services/link-checker/core/concurrent_checker.go:153.37,154.39 1 0
github.com/RuvinSL/webpage-analyzer/services/link-checker/core/concurrent_checker.go:155.26,157.9 2 0
github.com/RuvinSL/webpage-analyzer/services/link-checker/core/concurrent_checker.go:162.2,162.29 1 0
github.com/RuvinSL/webpage-analyzer/services/link-checker/core/concurrent_checker.go:162.29,163.52 1 0
github.com/RuvinSL/webpage-analyzer/services/link-checker/core/concurrent_checker.go:163.52,165.4 1 0
github.com/RuvinSL/webpage-analyzer/services/link-checker/core/concurrent_checker.go:165.9,174.4 1 0
github.com/RuvinSL/webpage-analyzer/services/link-checker/core/concurrent_checker.go:177.2,185.21 3 0
github.com/RuvinSL/webpage-analyzer/services/link-checker/core/concurrent_checker.go:188.100,190.15 2 0
github.com/RuvinSL/webpage-analyzer/services/link-checker/core/concurrent_checker.go:190.15,193.3 2 0
github.com/RuvinSL/webpage-analyzer/services/link-checker/core/concurrent_checker.go:195.2,208.16 6 0
github.com/RuvinSL/webpage-analyzer/services/link-checker/core/concurrent_checker.go:208.16,213.3 4 0
github.com/RuvinSL/webpage-analyzer/services/link-checker/core/concurrent_checker.go:213.8,216.25 3 0
github.com/RuvinSL/webpage-analyzer/services/link-checker/core/concurrent_checker.go:216.25,218.4 1 0
github.com/RuvinSL/webpage-analyzer/services/link-checker/core/concurrent_checker.go:219.3,219.85 1 0
github.com/RuvinSL/webpage-analyzer/services/link-checker/core/concurrent_checker.go:222.2,222.15 1 0
github.com/RuvinSL/webpage-analyzer/services/link-checker/core/concurrent_checker.go:225.69,230.6 3 0
github.com/RuvinSL/webpage-analyzer/services/link-checker/core/concurrent_checker.go:230.6,231.10 1 0
github.com/RuvinSL/webpage-analyzer/services/link-checker/core/concurrent_checker.go:232.21,234.10 2 0
github.com/RuvinSL/webpage-analyzer/services/link-checker/core/concurrent_checker.go:235.21,237.10 2 0
github.com/RuvinSL/webpage-analyzer/services/link-checker/core/concurrent_checker.go:238.32,239.11 1 0
github.com/RuvinSL/webpage-analyzer/services/link-checker/core/concurrent_checker.go:239.11,242.5 2 0
github.com/RuvinSL/webpage-analyzer/services/link-checker/core/concurrent_checker.go:245.4,248.11 2 0
github.com/RuvinSL/webpage-analyzer/services/link-checker/core/concurrent_checker.go:249.33,249.33 0 0
github.com/RuvinSL/webpage-analyzer/services/link-checker/core/concurrent_checker.go:251.22,253.11 1 0
github.com/RuvinSL/webpage-analyzer/services/link-checker/core/concurrent_checker.go:254.22,256.11 1 0
github.com/RuvinSL/webpage-analyzer/services/link-checker/handlers/health_handler.go:17.58,22.2 1 0
github.com/RuvinSL/webpage-analyzer/services/link-checker/handlers/health_handler.go:24.72,40.2 4 0
github.com/RuvinSL/webpage-analyzer/services/link-checker/handlers/health_handler.go:42.45,47.14 4 0
github.com/RuvinSL/webpage-analyzer/services/link-checker/handlers/health_handler.go:47.14,49.3 1 0
github.com/RuvinSL/webpage-analyzer/services/link-checker/handlers/health_handler.go:49.8,49.22 1 0
github.com/RuvinSL/webpage-analyzer/services/link-checker/handlers/health_handler.go:49.22,51.3 1 0
github.com/RuvinSL/webpage-analyzer/services/link-checker/handlers/health_handler.go:52.2,52.36 1 0
github.com/RuvinSL/webpage-analyzer/services/link-checker/handlers/link_handler.go:19.96,24.2 1 1
github.com/RuvinSL/webpage-analyzer/services/link-checker/handlers/link_handler.go:27.74,36.61 3 1
github.com/RuvinSL/webpage-analyzer/services/link-checker/handlers/link_handler.go:36.61,40.3 3 1
github.com/RuvinSL/webpage-analyzer/services/link-checker/handlers/link_handler.go:43.2,43.25 1 1
github.com/RuvinSL/webpage-analyzer/services/link-checker/handlers/link_handler.go:43.25,46.3 2 1
github.com/RuvinSL/webpage-analyzer/services/link-checker/handlers/link_handler.go:49.2,59.16 5 1
github.com/RuvinSL/webpage-analyzer/services/link-checker/handlers/link_handler.go:59.16,66.3 3 1
github.com/RuvinSL/webpage-analyzer/services/link-checker/handlers/link_handler.go:68.2,90.60 6 1
github.com/RuvinSL/webpage-analyzer/services/link-checker/handlers/link_handler.go:90.60,92.3 1 0
github.com/RuvinSL/webpage-analyzer/services/link-checker/handlers/link_handler.go:96.79,104.61 3 1
github.com/RuvinSL/webpage-analyzer/services/link-checker/handlers/link_handler.go:104.61,108.3 3 1
github.com/RuvinSL/webpage-analyzer/services/link-checker/handlers/link_handler.go:111.2,111.24 1 1
github.com/RuvinSL/webpage-analyzer/services/link-checker/handlers/link_handler.go:111.24,114.3 2 1
github.com/RuvinSL/webpage-analyzer/services/link-checker/handlers/link_handler.go:117.2,140.58 9 1
github.com/RuvinSL/webpage-analyzer/services/link-checker/handlers/link_handler.go:140.58,142.3 1 0
github.com/RuvinSL/webpage-analyzer/services/link-checker/handlers/link_handler.go:146.88,156.60 4 1
github.com/RuvinSL/webpage-analyzer/services/link-checker/handlers/link_handler.go:156.60,158.3 1 0
github.com/RuvinSL/webpage-analyzer/services/gateway/main.go:31.39,33.45 1 1
github.com/RuvinSL/webpage-analyzer/services/gateway/main.go:33.45,36.3 2 0
github.com/RuvinSL/webpage-analyzer/services/gateway/main.go:39.2,39.47 1 1
github.com/RuvinSL/webpage-analyzer/services/gateway/main.go:42.13,103.12 32 0
github.com/RuvinSL/webpage-analyzer/services/gateway/main.go:103.12,113.77 2 0
github.com/RuvinSL/webpage-analyzer/services/gateway/main.go:113.77,116.4 2 0
github.com/RuvinSL/webpage-analyzer/services/gateway/main.go:120.2,129.42 7 0
github.com/RuvinSL/webpage-analyzer/services/gateway/main.go:129.42,131.3 1 0
github.com/RuvinSL/webpage-analyzer/services/gateway/main.go:133.2,133.27 1 0
github.com/RuvinSL/webpage-analyzer/services/gateway/main.go:136.46,137.42 1 1
github.com/RuvinSL/webpage-analyzer/services/gateway/main.go:137.42,139.3 1 1
github.com/RuvinSL/webpage-analyzer/services/gateway/main.go:140.2,140.21 1 1
github.com/RuvinSL/webpage-analyzer/services/gateway/main.go:143.31,144.32 1 1
github.com/RuvinSL/webpage-analyzer/services/gateway/main.go:145.15,146.25 1 1
github.com/RuvinSL/webpage-analyzer/services/gateway/main.go:147.14,148.24 1 1
github.com/RuvinSL/webpage-analyzer/services/gateway/main.go:149.15,150.25 1 1
github.com/RuvinSL/webpage-analyzer/services/gateway/main.go:151.10,152.24 1 1
github.com/RuvinSL/webpage-analyzer/services/link-checker/main.go:33.39,38.45 1 1
github.com/RuvinSL/webpage-analyzer/services/link-checker/main.go:38.45,41.3 2 0
github.com/RuvinSL/webpage-analyzer/services/link-checker/main.go:44.2,44.47 1 1
github.com/RuvinSL/webpage-analyzer/services/link-checker/main.go:47.13,106.12 23 0
github.com/RuvinSL/webpage-analyzer/services/link-checker/main.go:106.12,113.77 2 0
github.com/RuvinSL/webpage-analyzer/services/link-checker/main.go:113.77,116.4 2 0
github.com/RuvinSL/webpage-analyzer/services/link-checker/main.go:120.2,133.50 8 0
github.com/RuvinSL/webpage-analyzer/services/link-checker/main.go:133.50,135.3 1 0
github.com/RuvinSL/webpage-analyzer/services/link-checker/main.go:138.2,140.27 2 0
github.com/RuvinSL/webpage-analyzer/services/link-checker/main.go:143.66,144.46 1 0
github.com/RuvinSL/webpage-analyzer/services/link-checker/main.go:144.46,145.72 1 0
github.com/RuvinSL/webpage-analyzer/services/link-checker/main.go:145.72,158.4 4 0
github.com/RuvinSL/webpage-analyzer/services/link-checker/main.go:162.72,163.46 1 0
github.com/RuvinSL/webpage-analyzer/services/link-checker/main.go:163.46,164.72 1 0
github.com/RuvinSL/webpage-analyzer/services/link-checker/main.go:164.72,172.4 5 0
github.com/RuvinSL/webpage-analyzer/services/link-checker/main.go:176.67,177.46 1 0
github.com/RuvinSL/webpage-analyzer/services/link-checker/main.go:177.46,178.72 1 0
github.com/RuvinSL/webpage-analyzer/services/link-checker/main.go:178.72,179.17 1 0
github.com/RuvinSL/webpage-analyzer/services/link-checker/main.go:179.17,180.37 1 0
github.com/RuvinSL/webpage-analyzer/services/link-checker/main.go:180.37,183.6 2 0
github.com/RuvinSL/webpage-analyzer/services/link-checker/main.go:185.4,185.24 1 0
github.com/RuvinSL/webpage-analyzer/services/link-checker/main.go:195.49,198.2 2 1
github.com/RuvinSL/webpage-analyzer/services/link-checker/main.go:200.46,201.42 1 1
github.com/RuvinSL/webpage-analyzer/services/link-checker/main.go:201.42,203.3 1 1
github.com/RuvinSL/webpage-analyzer/services/link-checker/main.go:204.2,204.21 1 1
github.com/RuvinSL/webpage-analyzer/services/link-checker/main.go:207.50,208.42 1 1
github.com/RuvinSL/webpage-analyzer/services/link-checker/main.go:208.42,209.55 1 1
github.com/RuvinSL/webpage-analyzer/services/link-checker/main.go:209.55,211.4 1 1
github.com/RuvinSL/webpage-analyzer/services/link-checker/main.go:213.2,213.21 1 1
github.com/RuvinSL/webpage-analyzer/services/link-checker/main.go:216.75,217.42 1 1
github.com/RuvinSL/webpage-analyzer/services/link-checker/main.go:217.42,218.61 1 1
github.com/RuvinSL/webpage-analyzer/services/link-checker/main.go:218.61,220.4 1 1
github.com/RuvinSL/webpage-analyzer/services/link-checker/main.go:222.2,222.21 1 1
github.com/RuvinSL/webpage-analyzer/services/link-checker/main.go:225.31,226.32 1 1
github.com/RuvinSL/webpage-analyzer/services/link-checker/main.go:227.15,228.25 1 1
github.com/RuvinSL/webpage-analyzer/services/link-checker/main.go:229.14,230.24 1 1
github.com/RuvinSL/webpage-analyzer/services/link-checker/main.go:231.15,232.25 1 1
github.com/RuvinSL/webpage-analyzer/services/link-checker/main.go:233.10,234.24 1 1
github.com/RuvinSL/webpage-analyzer/services/gateway/handlers/analyzer_client.go:27.104,40.2 1 1
github.com/RuvinSL/webpage-analyzer/services/gateway/handlers/analyzer_client.go:42.103,53.16 5 1
github.com/RuvinSL/webpage-analyzer/services/gateway/handlers/analyzer_client.go:53.16,56.3 2 0
github.com/RuvinSL/webpage-analyzer/services/gateway/handlers/analyzer_client.go:59.2,61.16 3 1
github.com/RuvinSL/webpage-analyzer/services/gateway/handlers/analyzer_client.go:61.16,64.3 2 0
github.com/RuvinSL/webpage-analyzer/services/gateway/handlers/analyzer_client.go:66.2,69.21 3 1
github.com/RuvinSL/webpage-analyzer/services/gateway/handlers/analyzer_client.go:69.21,71.3 1 1
github.com/RuvinSL/webpage-analyzer/services/gateway/handlers/analyzer_client.go:74.2,83.16 5 1
github.com/RuvinSL/webpage-analyzer/services/gateway/handlers/analyzer_client.go:83.16,90.3 2 1
github.com/RuvinSL/webpage-analyzer/services/gateway/handlers/analyzer_client.go:91.2,103.16 6 1
github.com/RuvinSL/webpage-analyzer/services/gateway/handlers/analyzer_client.go:103.16,109.3 2 0
github.com/RuvinSL/webpage-analyzer/services/gateway/handlers/analyzer_client.go:112.2,112.38 1 1
github.com/RuvinSL/webpage-analyzer/services/gateway/handlers/analyzer_client.go:112.38,120.91 3 1
github.com/RuvinSL/webpage-analyzer/services/gateway/handlers/analyzer_client.go:120.91,122.4 1 1
github.com/RuvinSL/webpage-analyzer/services/gateway/handlers/analyzer_client.go:125.3,125.107 1 1
github.com/RuvinSL/webpage-analyzer/services/gateway/handlers/analyzer_client.go:129.2,130.62 2 1
github.com/RuvinSL/webpage-analyzer/services/gateway/handlers/analyzer_client.go:130.62,136.3 2 1
github.com/RuvinSL/webpage-analyzer/services/gateway/handlers/analyzer_client.go:139.2,151.21 3 1
github.com/RuvinSL/webpage-analyzer/services/gateway/handlers/analyzer_client.go:155.98,184.35 4 1
github.com/RuvinSL/webpage-analyzer/services/gateway/handlers/analyzer_client.go:184.35,189.3 1 0
github.com/RuvinSL/webpage-analyzer/services/gateway/handlers/analyzer_client.go:189.8,193.3 1 1
github.com/RuvinSL/webpage-analyzer/services/gateway/handlers/analyzer_client.go:196.69,200.16 3 1
github.com/RuvinSL/webpage-analyzer/services/gateway/handlers/analyzer_client.go:200.16,203.3 2 0
github.com/RuvinSL/webpage-analyzer/services/gateway/handlers/analyzer_client.go:205.2,211.16 5 1
github.com/RuvinSL/webpage-analyzer/services/gateway/handlers/analyzer_client.go:211.16,217.3 2 1
github.com/RuvinSL/webpage-analyzer/services/gateway/handlers/analyzer_client.go:218.2,224.38 3 1
github.com/RuvinSL/webpage-analyzer/services/gateway/handlers/analyzer_client.go:224.38,231.3 3 1
github.com/RuvinSL/webpage-analyzer/services/gateway/handlers/analyzer_client.go:233.2,234.12 2 1
github.com/RuvinSL/webpage-analyzer/services/gateway/handlers/api_handler.go:18.126,24.2 1 0
github.com/RuvinSL/webpage-analyzer/services/gateway/handlers/api_handler.go:26.73,31.61 3 0
github.com/RuvinSL/webpage-analyzer/services/gateway/handlers/api_handler.go:31.61,35.3 3 0
github.com/RuvinSL/webpage-analyzer/services/gateway/handlers/api_handler.go:38.2,38.19 1 0
github.com/RuvinSL/webpage-analyzer/services/gateway/handlers/api_handler.go:38.19,41.3 2 0
github.com/RuvinSL/webpage-analyzer/services/gateway/handlers/api_handler.go:44.2,47.16 3 0
github.com/RuvinSL/webpage-analyzer/services/gateway/handlers/api_handler.go:47.16,50.49 2 0
github.com/RuvinSL/webpage-analyzer/services/gateway/handlers/api_handler.go:50.49,52.4 1 0
github.com/RuvinSL/webpage-analyzer/services/gateway/handlers/api_handler.go:52.9,54.4 1 0
github.com/RuvinSL/webpage-analyzer/services/gateway/handlers/api_handler.go:55.3,55.9 1 0
github.com/RuvinSL/webpage-analyzer/services/gateway/handlers/api_handler.go:59.2,62.58 3 0
github.com/RuvinSL/webpage-analyzer/services/gateway/handlers/api_handler.go:62.58,64.3 1 0
github.com/RuvinSL/webpage-analyzer/services/gateway/handlers/api_handler.go:67.75,72.61 3 0
github.com/RuvinSL/webpage-analyzer/services/gateway/handlers/api_handler.go:72.61,76.3 3 0
github.com/RuvinSL/webpage-analyzer/services/gateway/handlers/api_handler.go:79.2,79.24 1 0
github.com/RuvinSL/webpage-analyzer/services/gateway/handlers/api_handler.go:79.24,82.3 2 0
github.com/RuvinSL/webpage-analyzer/services/gateway/handlers/api_handler.go:84.2,84.25 1 0
github.com/RuvinSL/webpage-analyzer/services/gateway/handlers/api_handler.go:84.25,87.3 2 0
github.com/RuvinSL/webpage-analyzer/services/gateway/handlers/api_handler.go:90.2,94.31 4 0
github.com/RuvinSL/webpage-analyzer/services/gateway/handlers/api_handler.go:94.31,96.17 2 0
github.com/RuvinSL/webpage-analyzer/services/gateway/handlers/api_handler.go:96.17,102.4 1 0
github.com/RuvinSL/webpage-analyzer/services/gateway/handlers/api_handler.go:102.9,104.4 1 0
github.com/RuvinSL/webpage-analyzer/services/gateway/handlers/api_handler.go:108.2,118.60 4 0
github.com/RuvinSL/webpage-analyzer/services/gateway/handlers/api_handler.go:118.60,120.3 1 0
github.com/RuvinSL/webpage-analyzer/services/gateway/handlers/api_handler.go:124.87,134.60 4 0
github.com/RuvinSL/webpage-analyzer/services/gateway/handlers/api_handler.go:134.60,136.3 1 0
github.com/RuvinSL/webpage-analyzer/services/gateway/handlers/health_handler.go:19.89,25.2 1 0
github.com/RuvinSL/webpage-analyzer/services/gateway/handlers/health_handler.go:27.72,35.58 4 0
github.com/RuvinSL/webpage-analyzer/services/gateway/handlers/health_handler.go:35.58,37.3 1 0
github.com/RuvinSL/webpage-analyzer/services/gateway/handlers/health_handler.go:37.8,39.3 1 0
github.com/RuvinSL/webpage-analyzer/services/gateway/handlers/health_handler.go:42.2,43.31 2 0
github.com/RuvinSL/webpage-analyzer/services/gateway/handlers/health_handler.go:43.31,44.25 1 0
github.com/RuvinSL/webpage-analyzer/services/gateway/handlers/health_handler.go:44.25,46.9 2 0
github.com/RuvinSL/webpage-analyzer/services/gateway/handlers/health_handler.go:51.2,61.25 3 0
github.com/RuvinSL/webpage-analyzer/services/gateway/handlers/health_handler.go:61.25,63.3 1 0
github.com/RuvinSL/webpage-analyzer/services/gateway/handlers/health_handler.go:66.2,68.37 3 0
github.com/RuvinSL/webpage-analyzer/services/gateway/handlers/health_handler.go:71.26,73.2 1 0
github.com/RuvinSL/webpage-analyzer/services/gateway/handlers/health_handler.go:75.45,80.14 4 0
github.com/RuvinSL/webpage-analyzer/services/gateway/handlers/health_handler.go:80.14,82.3 1 0
github.com/RuvinSL/webpage-analyzer/services/gateway/handlers/health_handler.go:82.8,82.22 1 0
github.com/RuvinSL/webpage-analyzer/services/gateway/handlers/health_handler.go:82.22,84.3 1 0
github.com/RuvinSL/webpage-analyzer/services/gateway/handlers/health_handler.go:85.2,85.36 1 0
github.com/RuvinSL/webpage-analyzer/services/gateway/handlers/web_handler.go:17.58,21.2 1 0
github.com/RuvinSL/webpage-analyzer/services/gateway/handlers/web_handler.go:24.71,31.2 3 0
