mode: set
github.com/RuvinSL/webpage-analyzer/pkg/metrics/prometheus.go:25.70,108.2 1 0
github.com/RuvinSL/webpage-analyzer/pkg/metrics/prometheus.go:111.70,121.2 1 0
github.com/RuvinSL/webpage-analyzer/pkg/metrics/prometheus.go:124.100,129.2 3 0
github.com/RuvinSL/webpage-analyzer/pkg/metrics/prometheus.go:132.78,134.14 2 0
github.com/RuvinSL/webpage-analyzer/pkg/metrics/prometheus.go:134.14,136.3 1 0
github.com/RuvinSL/webpage-analyzer/pkg/metrics/prometheus.go:138.2,139.62 2 0
github.com/RuvinSL/webpage-analyzer/pkg/metrics/prometheus.go:143.79,145.14 2 0
github.com/RuvinSL/webpage-analyzer/pkg/metrics/prometheus.go:145.14,147.3 1 0
github.com/RuvinSL/webpage-analyzer/pkg/metrics/prometheus.go:149.2,150.63 2 0
github.com/RuvinSL/webpage-analyzer/pkg/metrics/prometheus.go:154.53,156.2 1 0
github.com/RuvinSL/webpage-analyzer/pkg/metrics/prometheus.go:159.53,161.2 1 0
github.com/RuvinSL/webpage-analyzer/pkg/metrics/prometheus.go:164.42,165.9 1 0
github.com/RuvinSL/webpage-analyzer/pkg/metrics/prometheus.go:166.33,167.15 1 0
github.com/RuvinSL/webpage-analyzer/pkg/metrics/prometheus.go:168.33,169.15 1 0
github.com/RuvinSL/webpage-analyzer/pkg/metrics/prometheus.go:170.33,171.15 1 0
github.com/RuvinSL/webpage-analyzer/pkg/metrics/prometheus.go:172.19,173.15 1 0
github.com/RuvinSL/webpage-analyzer/pkg/metrics/prometheus.go:174.10,175.19 1 0
github.com/RuvinSL/webpage-analyzer/pkg/logger/logger.go:14.62,17.61 1 0
github.com/RuvinSL/webpage-analyzer/pkg/logger/logger.go:17.61,18.29 1 0
github.com/RuvinSL/webpage-analyzer/pkg/logger/logger.go:18.29,23.5 1 0
github.com/RuvinSL/webpage-analyzer/pkg/logger/logger.go:24.4,24.12 1 0
github.com/RuvinSL/webpage-analyzer/pkg/logger/logger.go:28.2,36.31 3 0
github.com/RuvinSL/webpage-analyzer/pkg/logger/logger.go:40.83,41.59 1 0
github.com/RuvinSL/webpage-analyzer/pkg/logger/logger.go:41.59,43.3 1 0
github.com/RuvinSL/webpage-analyzer/pkg/logger/logger.go:44.2,44.15 1 0
github.com/RuvinSL/webpage-analyzer/pkg/logger/logger.go:48.71,49.16 1 0
github.com/RuvinSL/webpage-analyzer/pkg/logger/logger.go:49.16,51.3 1 0
github.com/RuvinSL/webpage-analyzer/pkg/logger/logger.go:52.2,52.15 1 0
github.com/RuvinSL/webpage-analyzer/pkg/logger/logger.go:61.56,63.2 1 0
github.com/RuvinSL/webpage-analyzer/pkg/logger/logger.go:65.56,67.2 1 0
github.com/RuvinSL/webpage-analyzer/pkg/logger/logger.go:69.55,71.2 1 0
github.com/RuvinSL/webpage-analyzer/pkg/logger/logger.go:73.55,75.2 1 0
github.com/RuvinSL/webpage-analyzer/pkg/logger/logger.go:77.56,79.2 1 0
github.com/RuvinSL/webpage-analyzer/pkg/logger/logger.go:81.61,85.2 1 0
github.com/RuvinSL/webpage-analyzer/pkg/httpclient/client.go:23.67,37.2 1 0
github.com/RuvinSL/webpage-analyzer/pkg/httpclient/client.go:40.85,43.16 2 0
github.com/RuvinSL/webpage-analyzer/pkg/httpclient/client.go:43.16,45.3 1 0
github.com/RuvinSL/webpage-analyzer/pkg/httpclient/client.go:48.2,62.16 8 0
github.com/RuvinSL/webpage-analyzer/pkg/httpclient/client.go:62.16,69.3 2 0
github.com/RuvinSL/webpage-analyzer/pkg/httpclient/client.go:70.2,76.16 5 0
github.com/RuvinSL/webpage-analyzer/pkg/httpclient/client.go:76.16,82.3 2 0
github.com/RuvinSL/webpage-analyzer/pkg/httpclient/client.go:85.2,99.22 3 0
github.com/RuvinSL/webpage-analyzer/pkg/httpclient/client.go:103.86,106.16 2 0
github.com/RuvinSL/webpage-analyzer/pkg/httpclient/client.go:106.16,108.3 1 0
github.com/RuvinSL/webpage-analyzer/pkg/httpclient/client.go:111.2,116.16 4 0
github.com/RuvinSL/webpage-analyzer/pkg/httpclient/client.go:116.16,123.3 2 0
github.com/RuvinSL/webpage-analyzer/pkg/httpclient/client.go:124.2,133.22 3 0
github.com/RuvinSL/webpage-analyzer/services/analyzer/handlers/analyzer_handler.go:20.98,25.2 1 0
github.com/RuvinSL/webpage-analyzer/services/analyzer/handlers/analyzer_handler.go:28.75,33.61 3 0
github.com/RuvinSL/webpage-analyzer/services/analyzer/handlers/analyzer_handler.go:33.61,37.3 3 0
github.com/RuvinSL/webpage-analyzer/services/analyzer/handlers/analyzer_handler.go:40.2,40.19 1 0
github.com/RuvinSL/webpage-analyzer/services/analyzer/handlers/analyzer_handler.go:40.19,43.3 2 0
github.com/RuvinSL/webpage-analyzer/services/analyzer/handlers/analyzer_handler.go:46.2,54.16 4 0
github.com/RuvinSL/webpage-analyzer/services/analyzer/handlers/analyzer_handler.go:54.16,66.49 4 0
github.com/RuvinSL/webpage-analyzer/services/analyzer/handlers/analyzer_handler.go:66.49,69.4 2 0
github.com/RuvinSL/webpage-analyzer/services/analyzer/handlers/analyzer_handler.go:69.9,69.49 1 0
github.com/RuvinSL/webpage-analyzer/services/analyzer/handlers/analyzer_handler.go:69.49,72.4 2 0
github.com/RuvinSL/webpage-analyzer/services/analyzer/handlers/analyzer_handler.go:74.3,75.9 2 0
github.com/RuvinSL/webpage-analyzer/services/analyzer/handlers/analyzer_handler.go:79.2,90.58 4 0
github.com/RuvinSL/webpage-analyzer/services/analyzer/handlers/analyzer_handler.go:90.58,92.3 1 0
github.com/RuvinSL/webpage-analyzer/services/analyzer/handlers/analyzer_handler.go:96.92,106.60 4 0
github.com/RuvinSL/webpage-analyzer/services/analyzer/handlers/analyzer_handler.go:106.60,108.3 1 0
github.com/RuvinSL/webpage-analyzer/services/analyzer/handlers/analyzer_handler.go:112.38,114.2 1 0
github.com/RuvinSL/webpage-analyzer/services/analyzer/handlers/health_handler.go:26.91,32.2 1 0
github.com/RuvinSL/webpage-analyzer/services/analyzer/handlers/health_handler.go:35.72,43.61 4 0
github.com/RuvinSL/webpage-analyzer/services/analyzer/handlers/health_handler.go:43.61,45.3 1 0
github.com/RuvinSL/webpage-analyzer/services/analyzer/handlers/health_handler.go:45.8,47.3 1 0
github.com/RuvinSL/webpage-analyzer/services/analyzer/handlers/health_handler.go:50.2,51.31 2 0
github.com/RuvinSL/webpage-analyzer/services/analyzer/handlers/health_handler.go:51.31,52.25 1 0
github.com/RuvinSL/webpage-analyzer/services/analyzer/handlers/health_handler.go:52.25,54.9 2 0
github.com/RuvinSL/webpage-analyzer/services/analyzer/handlers/health_handler.go:59.2,70.25 3 0
github.com/RuvinSL/webpage-analyzer/services/analyzer/handlers/health_handler.go:70.25,72.3 1 0
github.com/RuvinSL/webpage-analyzer/services/analyzer/handlers/health_handler.go:75.2,77.37 3 0
github.com/RuvinSL/webpage-analyzer/services/analyzer/handlers/health_handler.go:81.45,86.14 4 0
github.com/RuvinSL/webpage-analyzer/services/analyzer/handlers/health_handler.go:86.14,88.3 1 0
github.com/RuvinSL/webpage-analyzer/services/analyzer/handlers/health_handler.go:88.8,88.22 1 0
github.com/RuvinSL/webpage-analyzer/services/analyzer/handlers/health_handler.go:88.22,90.3 1 0
github.com/RuvinSL/webpage-analyzer/services/analyzer/handlers/health_handler.go:91.2,91.36 1 0
github.com/RuvinSL/webpage-analyzer/services/analyzer/main.go:29.13,76.12 20 0
github.com/RuvinSL/webpage-analyzer/services/analyzer/main.go:76.12,78.77 2 0
github.com/RuvinSL/webpage-analyzer/services/analyzer/main.go:78.77,81.4 2 0
github.com/RuvinSL/webpage-analyzer/services/analyzer/main.go:85.2,94.42 7 0
github.com/RuvinSL/webpage-analyzer/services/analyzer/main.go:94.42,96.3 1 0
github.com/RuvinSL/webpage-analyzer/services/analyzer/main.go:98.2,98.27 1 0
github.com/RuvinSL/webpage-analyzer/services/analyzer/main.go:101.66,102.46 1 0
github.com/RuvinSL/webpage-analyzer/services/analyzer/main.go:102.46,103.72 1 0
github.com/RuvinSL/webpage-analyzer/services/analyzer/main.go:103.72,118.4 4 0
github.com/RuvinSL/webpage-analyzer/services/analyzer/main.go:122.72,123.46 1 0
github.com/RuvinSL/webpage-analyzer/services/analyzer/main.go:123.46,124.72 1 0
github.com/RuvinSL/webpage-analyzer/services/analyzer/main.go:124.72,132.4 5 0
github.com/RuvinSL/webpage-analyzer/services/analyzer/main.go:136.67,137.46 1 0
github.com/RuvinSL/webpage-analyzer/services/analyzer/main.go:137.46,138.72 1 0
github.com/RuvinSL/webpage-analyzer/services/analyzer/main.go:138.72,139.17 1 0
github.com/RuvinSL/webpage-analyzer/services/analyzer/main.go:139.17,140.37 1 0
github.com/RuvinSL/webpage-analyzer/services/analyzer/main.go:140.37,143.6 2 0
github.com/RuvinSL/webpage-analyzer/services/analyzer/main.go:145.4,145.24 1 0
github.com/RuvinSL/webpage-analyzer/services/analyzer/main.go:155.49,158.2 2 0
github.com/RuvinSL/webpage-analyzer/services/analyzer/main.go:160.46,161.42 1 0
github.com/RuvinSL/webpage-analyzer/services/analyzer/main.go:161.42,163.3 1 0
github.com/RuvinSL/webpage-analyzer/services/analyzer/main.go:164.2,164.21 1 0
github.com/RuvinSL/webpage-analyzer/services/analyzer/main.go:167.31,168.32 1 0
github.com/RuvinSL/webpage-analyzer/services/analyzer/main.go:169.15,170.25 1 0
github.com/RuvinSL/webpage-analyzer/services/analyzer/main.go:171.14,172.24 1 0
github.com/RuvinSL/webpage-analyzer/services/analyzer/main.go:173.15,174.25 1 0
github.com/RuvinSL/webpage-analyzer/services/analyzer/main.go:175.10,176.24 1 0
github.com/RuvinSL/webpage-analyzer/services/gateway/main.go:29.13,90.12 32 0
github.com/RuvinSL/webpage-analyzer/services/gateway/main.go:90.12,92.77 2 0
github.com/RuvinSL/webpage-analyzer/services/gateway/main.go:92.77,95.4 2 0
github.com/RuvinSL/webpage-analyzer/services/gateway/main.go:99.2,109.42 7 0
github.com/RuvinSL/webpage-analyzer/services/gateway/main.go:109.42,111.3 1 0
github.com/RuvinSL/webpage-analyzer/services/gateway/main.go:113.2,113.27 1 0
github.com/RuvinSL/webpage-analyzer/services/gateway/main.go:116.46,117.42 1 0
github.com/RuvinSL/webpage-analyzer/services/gateway/main.go:117.42,119.3 1 0
github.com/RuvinSL/webpage-analyzer/services/gateway/main.go:120.2,120.21 1 0
github.com/RuvinSL/webpage-analyzer/services/gateway/main.go:123.31,124.32 1 0
github.com/RuvinSL/webpage-analyzer/services/gateway/main.go:125.15,126.25 1 0
github.com/RuvinSL/webpage-analyzer/services/gateway/main.go:127.14,128.24 1 0
github.com/RuvinSL/webpage-analyzer/services/gateway/main.go:129.15,130.25 1 0
github.com/RuvinSL/webpage-analyzer/services/gateway/main.go:131.10,132.24 1 0
github.com/RuvinSL/webpage-analyzer/services/gateway/middleware/middleware.go:14.48,15.71 1 0
github.com/RuvinSL/webpage-analyzer/services/gateway/middleware/middleware.go:15.71,18.22 2 0
github.com/RuvinSL/webpage-analyzer/services/gateway/middleware/middleware.go:18.22,21.4 1 0
github.com/RuvinSL/webpage-analyzer/services/gateway/middleware/middleware.go:24.3,30.40 3 0
github.com/RuvinSL/webpage-analyzer/services/gateway/middleware/middleware.go:35.59,36.46 1 0
github.com/RuvinSL/webpage-analyzer/services/gateway/middleware/middleware.go:36.46,37.72 1 0
github.com/RuvinSL/webpage-analyzer/services/gateway/middleware/middleware.go:37.72,48.62 4 0
github.com/RuvinSL/webpage-analyzer/services/gateway/middleware/middleware.go:48.62,50.5 1 0
github.com/RuvinSL/webpage-analyzer/services/gateway/middleware/middleware.go:53.4,72.5 4 0
github.com/RuvinSL/webpage-analyzer/services/gateway/middleware/middleware.go:78.72,79.46 1 0
github.com/RuvinSL/webpage-analyzer/services/gateway/middleware/middleware.go:79.46,80.72 1 0
github.com/RuvinSL/webpage-analyzer/services/gateway/middleware/middleware.go:80.72,95.4 5 0
github.com/RuvinSL/webpage-analyzer/services/gateway/middleware/middleware.go:100.60,101.46 1 0
github.com/RuvinSL/webpage-analyzer/services/gateway/middleware/middleware.go:101.46,102.72 1 0
github.com/RuvinSL/webpage-analyzer/services/gateway/middleware/middleware.go:102.72,103.17 1 0
github.com/RuvinSL/webpage-analyzer/services/gateway/middleware/middleware.go:103.17,104.37 1 0
github.com/RuvinSL/webpage-analyzer/services/gateway/middleware/middleware.go:104.37,115.6 2 0
github.com/RuvinSL/webpage-analyzer/services/gateway/middleware/middleware.go:118.4,118.24 1 0
github.com/RuvinSL/webpage-analyzer/services/gateway/middleware/middleware.go:124.32,125.46 1 0
github.com/RuvinSL/webpage-analyzer/services/gateway/middleware/middleware.go:125.46,126.72 1 0
github.com/RuvinSL/webpage-analyzer/services/gateway/middleware/middleware.go:126.72,134.29 5 0
github.com/RuvinSL/webpage-analyzer/services/gateway/middleware/middleware.go:134.29,137.5 2 0
github.com/RuvinSL/webpage-analyzer/services/gateway/middleware/middleware.go:139.4,139.24 1 0
github.com/RuvinSL/webpage-analyzer/services/gateway/middleware/middleware.go:151.49,152.17 1 0
github.com/RuvinSL/webpage-analyzer/services/gateway/middleware/middleware.go:152.17,156.3 3 0
github.com/RuvinSL/webpage-analyzer/services/gateway/middleware/middleware.go:159.56,160.17 1 0
github.com/RuvinSL/webpage-analyzer/services/gateway/middleware/middleware.go:160.17,162.3 1 0
github.com/RuvinSL/webpage-analyzer/services/gateway/middleware/middleware.go:163.2,163.35 1 0
github.com/RuvinSL/webpage-analyzer/services/gateway/middleware/middleware.go:167.33,170.2 1 0
github.com/RuvinSL/webpage-analyzer/services/gateway/middleware/middleware.go:173.46,176.19 3 0
github.com/RuvinSL/webpage-analyzer/services/gateway/middleware/middleware.go:176.19,178.3 1 0
github.com/RuvinSL/webpage-analyzer/services/gateway/middleware/middleware.go:179.2,179.18 1 0
github.com/RuvinSL/webpage-analyzer/services/link-checker/core/concurrent_checker.go:39.26,49.2 1 0
github.com/RuvinSL/webpage-analyzer/services/link-checker/core/concurrent_checker.go:52.60,56.40 2 0
github.com/RuvinSL/webpage-analyzer/services/link-checker/core/concurrent_checker.go:56.40,59.3 2 0
github.com/RuvinSL/webpage-analyzer/services/link-checker/core/concurrent_checker.go:63.40,79.2 6 0
github.com/RuvinSL/webpage-analyzer/services/link-checker/core/concurrent_checker.go:82.115,83.21 1 0
github.com/RuvinSL/webpage-analyzer/services/link-checker/core/concurrent_checker.go:83.21,85.3 1 0
github.com/RuvinSL/webpage-analyzer/services/link-checker/core/concurrent_checker.go:87.2,102.12 10 0
github.com/RuvinSL/webpage-analyzer/services/link-checker/core/concurrent_checker.go:102.12,104.37 2 0
github.com/RuvinSL/webpage-analyzer/services/link-checker/core/concurrent_checker.go:104.37,108.4 3 0
github.com/RuvinSL/webpage-analyzer/services/link-checker/core/concurrent_checker.go:112.2,113.29 2 0
github.com/RuvinSL/webpage-analyzer/services/link-checker/core/concurrent_checker.go:113.29,114.10 1 0
github.com/RuvinSL/webpage-analyzer/services/link-checker/core/concurrent_checker.go:115.26,117.9 2 0
github.com/RuvinSL/webpage-analyzer/services/link-checker/core/concurrent_checker.go:118.11,120.27 2 0
github.com/RuvinSL/webpage-analyzer/services/link-checker/core/concurrent_checker.go:120.27,122.12 2 0
github.com/RuvinSL/webpage-analyzer/services/link-checker/core/concurrent_checker.go:123.61,123.61 0 0
github.com/RuvinSL/webpage-analyzer/services/link-checker/core/concurrent_checker.go:125.28,133.7 1 0
github.com/RuvinSL/webpage-analyzer/services/link-checker/core/concurrent_checker.go:140.2,150.29 5 0
github.com/RuvinSL/webpage-analyzer/services/link-checker/core/concurrent_checker.go:150.29,151.52 1 0
github.com/RuvinSL/webpage-analyzer/services/link-checker/core/concurrent_checker.go:151.52,153.4 1 0
github.com/RuvinSL/webpage-analyzer/services/link-checker/core/concurrent_checker.go:153.9,162.4 1 0
github.com/RuvinSL/webpage-analyzer/services/link-checker/core/concurrent_checker.go:164.2,173.21 4 0
github.com/RuvinSL/webpage-analyzer/services/link-checker/core/concurrent_checker.go:177.100,179.15 2 0
github.com/RuvinSL/webpage-analyzer/services/link-checker/core/concurrent_checker.go:179.15,182.3 2 0
github.com/RuvinSL/webpage-analyzer/services/link-checker/core/concurrent_checker.go:184.2,198.16 6 0
github.com/RuvinSL/webpage-analyzer/services/link-checker/core/concurrent_checker.go:198.16,203.3 4 0
github.com/RuvinSL/webpage-analyzer/services/link-checker/core/concurrent_checker.go:203.8,206.25 3 0
github.com/RuvinSL/webpage-analyzer/services/link-checker/core/concurrent_checker.go:206.25,208.4 1 0
github.com/RuvinSL/webpage-analyzer/services/link-checker/core/concurrent_checker.go:209.3,209.85 1 0
github.com/RuvinSL/webpage-analyzer/services/link-checker/core/concurrent_checker.go:212.2,212.15 1 0
github.com/RuvinSL/webpage-analyzer/services/link-checker/core/concurrent_checker.go:216.69,221.6 3 0
github.com/RuvinSL/webpage-analyzer/services/link-checker/core/concurrent_checker.go:221.6,222.10 1 0
github.com/RuvinSL/webpage-analyzer/services/link-checker/core/concurrent_checker.go:223.21,225.10 2 0
github.com/RuvinSL/webpage-analyzer/services/link-checker/core/concurrent_checker.go:226.21,228.10 2 0
github.com/RuvinSL/webpage-analyzer/services/link-checker/core/concurrent_checker.go:229.32,230.11 1 0
github.com/RuvinSL/webpage-analyzer/services/link-checker/core/concurrent_checker.go:230.11,233.5 2 0
github.com/RuvinSL/webpage-analyzer/services/link-checker/core/concurrent_checker.go:236.4,239.11 2 0
github.com/RuvinSL/webpage-analyzer/services/link-checker/core/concurrent_checker.go:240.33,240.33 0 0
github.com/RuvinSL/webpage-analyzer/services/link-checker/core/concurrent_checker.go:242.22,244.11 1 0
github.com/RuvinSL/webpage-analyzer/services/link-checker/main.go:32.13,90.12 23 0
github.com/RuvinSL/webpage-analyzer/services/link-checker/main.go:90.12,96.77 2 0
github.com/RuvinSL/webpage-analyzer/services/link-checker/main.go:96.77,99.4 2 0
github.com/RuvinSL/webpage-analyzer/services/link-checker/main.go:103.2,116.50 8 0
github.com/RuvinSL/webpage-analyzer/services/link-checker/main.go:116.50,118.3 1 0
github.com/RuvinSL/webpage-analyzer/services/link-checker/main.go:121.2,123.27 2 0
github.com/RuvinSL/webpage-analyzer/services/link-checker/main.go:126.66,127.46 1 0
github.com/RuvinSL/webpage-analyzer/services/link-checker/main.go:127.46,128.72 1 0
github.com/RuvinSL/webpage-analyzer/services/link-checker/main.go:128.72,141.4 4 0
github.com/RuvinSL/webpage-analyzer/services/link-checker/main.go:145.72,146.46 1 0
github.com/RuvinSL/webpage-analyzer/services/link-checker/main.go:146.46,147.72 1 0
github.com/RuvinSL/webpage-analyzer/services/link-checker/main.go:147.72,155.4 5 0
github.com/RuvinSL/webpage-analyzer/services/link-checker/main.go:159.67,160.46 1 0
github.com/RuvinSL/webpage-analyzer/services/link-checker/main.go:160.46,161.72 1 0
github.com/RuvinSL/webpage-analyzer/services/link-checker/main.go:161.72,162.17 1 0
github.com/RuvinSL/webpage-analyzer/services/link-checker/main.go:162.17,163.37 1 0
github.com/RuvinSL/webpage-analyzer/services/link-checker/main.go:163.37,166.6 2 0
github.com/RuvinSL/webpage-analyzer/services/link-checker/main.go:168.4,168.24 1 0
github.com/RuvinSL/webpage-analyzer/services/link-checker/main.go:178.49,181.2 2 0
github.com/RuvinSL/webpage-analyzer/services/link-checker/main.go:183.46,184.42 1 0
github.com/RuvinSL/webpage-analyzer/services/link-checker/main.go:184.42,186.3 1 0
github.com/RuvinSL/webpage-analyzer/services/link-checker/main.go:187.2,187.21 1 0
github.com/RuvinSL/webpage-analyzer/services/link-checker/main.go:190.50,191.42 1 0
github.com/RuvinSL/webpage-analyzer/services/link-checker/main.go:191.42,192.55 1 0
github.com/RuvinSL/webpage-analyzer/services/link-checker/main.go:192.55,194.4 1 0
github.com/RuvinSL/webpage-analyzer/services/link-checker/main.go:196.2,196.21 1 0
github.com/RuvinSL/webpage-analyzer/services/link-checker/main.go:199.75,200.42 1 0
github.com/RuvinSL/webpage-analyzer/services/link-checker/main.go:200.42,201.61 1 0
github.com/RuvinSL/webpage-analyzer/services/link-checker/main.go:201.61,203.4 1 0
github.com/RuvinSL/webpage-analyzer/services/link-checker/main.go:205.2,205.21 1 0
github.com/RuvinSL/webpage-analyzer/services/link-checker/main.go:208.31,209.32 1 0
github.com/RuvinSL/webpage-analyzer/services/link-checker/main.go:210.15,211.25 1 0
github.com/RuvinSL/webpage-analyzer/services/link-checker/main.go:212.14,213.24 1 0
github.com/RuvinSL/webpage-analyzer/services/link-checker/main.go:214.15,215.25 1 0
github.com/RuvinSL/webpage-analyzer/services/link-checker/main.go:216.10,217.24 1 0
github.com/RuvinSL/webpage-analyzer/services/link-checker/handlers/health_handler.go:19.58,24.2 1 0
github.com/RuvinSL/webpage-analyzer/services/link-checker/handlers/health_handler.go:27.72,44.2 4 0
github.com/RuvinSL/webpage-analyzer/services/link-checker/handlers/health_handler.go:47.45,52.14 4 0
github.com/RuvinSL/webpage-analyzer/services/link-checker/handlers/health_handler.go:52.14,54.3 1 0
github.com/RuvinSL/webpage-analyzer/services/link-checker/handlers/health_handler.go:54.8,54.22 1 0
github.com/RuvinSL/webpage-analyzer/services/link-checker/handlers/health_handler.go:54.22,56.3 1 0
github.com/RuvinSL/webpage-analyzer/services/link-checker/handlers/health_handler.go:57.2,57.36 1 0
github.com/RuvinSL/webpage-analyzer/services/link-checker/handlers/link_handler.go:19.96,24.2 1 0
github.com/RuvinSL/webpage-analyzer/services/link-checker/handlers/link_handler.go:27.74,35.61 3 0
github.com/RuvinSL/webpage-analyzer/services/link-checker/handlers/link_handler.go:35.61,39.3 3 0
github.com/RuvinSL/webpage-analyzer/services/link-checker/handlers/link_handler.go:42.2,42.25 1 0
github.com/RuvinSL/webpage-analyzer/services/link-checker/handlers/link_handler.go:42.25,45.3 2 0
github.com/RuvinSL/webpage-analyzer/services/link-checker/handlers/link_handler.go:48.2,57.16 5 0
github.com/RuvinSL/webpage-analyzer/services/link-checker/handlers/link_handler.go:57.16,64.3 3 0
github.com/RuvinSL/webpage-analyzer/services/link-checker/handlers/link_handler.go:66.2,88.60 6 0
github.com/RuvinSL/webpage-analyzer/services/link-checker/handlers/link_handler.go:88.60,90.3 1 0
github.com/RuvinSL/webpage-analyzer/services/link-checker/handlers/link_handler.go:94.79,102.61 3 0
github.com/RuvinSL/webpage-analyzer/services/link-checker/handlers/link_handler.go:102.61,106.3 3 0
github.com/RuvinSL/webpage-analyzer/services/link-checker/handlers/link_handler.go:109.2,109.24 1 0
github.com/RuvinSL/webpage-analyzer/services/link-checker/handlers/link_handler.go:109.24,112.3 2 0
github.com/RuvinSL/webpage-analyzer/services/link-checker/handlers/link_handler.go:115.2,138.58 9 0
github.com/RuvinSL/webpage-analyzer/services/link-checker/handlers/link_handler.go:138.58,140.3 1 0
github.com/RuvinSL/webpage-analyzer/services/link-checker/handlers/link_handler.go:144.88,154.60 4 0
github.com/RuvinSL/webpage-analyzer/services/link-checker/handlers/link_handler.go:154.60,156.3 1 0
